<?xml version="1.0" encoding="UTF-8"?>
<coverage generated="1473663387660" clover="3.2.0">
  <project timestamp="1473663387661" name="All files">
    <metrics statements="112" coveredstatements="91" conditionals="72" coveredconditionals="53" methods="26" coveredmethods="18" elements="210" coveredelements="162" complexity="0" loc="112" ncloc="112" packages="2" files="8" classes="8">
      <package name="src">
        <metrics statements="100" coveredstatements="82" conditionals="72" coveredconditionals="53" methods="22" coveredmethods="16"/>
        <file name="Cell.js" path="C:\projects\comp\react-xlsx\src\Cell.js">
          <metrics statements="3" coveredstatements="0" conditionals="2" coveredconditionals="0" methods="1" coveredmethods="0"/>
          <line num="13" count="0" type="stmt"/>
          <line num="14" count="0" type="stmt"/>
          <line num="15" count="0" type="stmt"/>
        </file>
        <file name="Sheet.js" path="C:\projects\comp\react-xlsx\src\Sheet.js">
          <metrics statements="3" coveredstatements="0" conditionals="2" coveredconditionals="0" methods="1" coveredmethods="0"/>
          <line num="10" count="0" type="stmt"/>
          <line num="11" count="0" type="stmt"/>
          <line num="12" count="0" type="stmt"/>
        </file>
        <file name="WorkBook.js" path="C:\projects\comp\react-xlsx\src\WorkBook.js">
          <metrics statements="71" coveredstatements="62" conditionals="48" coveredconditionals="36" methods="14" coveredmethods="11"/>
          <line num="10" count="6" type="stmt"/>
          <line num="11" count="6" type="stmt"/>
          <line num="12" count="6" type="stmt"/>
          <line num="13" count="6" type="stmt"/>
          <line num="14" count="6" type="stmt"/>
          <line num="18" count="4" type="stmt"/>
          <line num="19" count="4" type="stmt"/>
          <line num="20" count="4" type="stmt"/>
          <line num="21" count="4" type="stmt"/>
          <line num="22" count="4" type="stmt"/>
          <line num="23" count="6" type="stmt"/>
          <line num="25" count="6" type="stmt"/>
          <line num="26" count="2" type="stmt"/>
          <line num="27" count="2" type="stmt"/>
          <line num="29" count="4" type="stmt"/>
          <line num="31" count="6" type="stmt"/>
          <line num="32" count="6" type="stmt"/>
          <line num="33" count="2" type="stmt"/>
          <line num="34" count="2" type="stmt"/>
          <line num="35" count="2" type="stmt"/>
          <line num="36" count="2" type="stmt"/>
          <line num="38" count="6" type="stmt"/>
          <line num="39" count="6" type="stmt"/>
          <line num="40" count="6" type="stmt"/>
          <line num="46" count="6" type="stmt"/>
          <line num="47" count="0" type="stmt"/>
          <line num="49" count="6" type="stmt"/>
          <line num="53" count="4" type="stmt"/>
          <line num="55" count="4" type="stmt"/>
          <line num="59" count="2" type="stmt"/>
          <line num="60" count="2" type="stmt"/>
          <line num="61" count="4" type="stmt"/>
          <line num="62" count="4" type="stmt"/>
          <line num="63" count="4" type="stmt"/>
          <line num="64" count="4" type="stmt"/>
          <line num="66" count="2" type="stmt"/>
          <line num="70" count="2" type="stmt"/>
          <line num="71" count="2" type="stmt"/>
          <line num="72" count="2" type="stmt"/>
          <line num="73" count="2" type="stmt"/>
          <line num="74" count="2" type="stmt"/>
          <line num="75" count="2" type="stmt"/>
          <line num="77" count="0" type="stmt"/>
          <line num="78" count="0" type="stmt"/>
          <line num="79" count="0" type="stmt"/>
          <line num="80" count="0" type="stmt"/>
          <line num="81" count="0" type="stmt"/>
          <line num="84" count="2" type="stmt"/>
          <line num="88" count="1" type="stmt"/>
          <line num="89" count="1" type="stmt"/>
          <line num="90" count="1" type="stmt"/>
          <line num="94" count="1" type="stmt"/>
          <line num="95" count="1" type="stmt"/>
          <line num="99" count="0" type="stmt"/>
          <line num="103" count="0" type="stmt"/>
          <line num="107" count="4" type="stmt"/>
          <line num="109" count="4" type="stmt"/>
          <line num="110" count="4" type="stmt"/>
          <line num="112" count="4" type="stmt"/>
          <line num="114" count="8" type="stmt"/>
          <line num="115" count="2" type="stmt"/>
          <line num="116" count="2" type="stmt"/>
          <line num="117" count="0" type="stmt"/>
          <line num="118" count="2" type="stmt"/>
          <line num="120" count="5" type="stmt"/>
          <line num="124" count="3" type="stmt"/>
          <line num="130" count="2" type="stmt"/>
          <line num="138" count="5" type="stmt"/>
          <line num="139" count="5" type="stmt"/>
          <line num="140" count="2" type="stmt"/>
          <line num="148" count="2" type="stmt"/>
        </file>
        <file name="XTrigger.js" path="C:\projects\comp\react-xlsx\src\XTrigger.js">
          <metrics statements="3" coveredstatements="0" conditionals="2" coveredconditionals="0" methods="1" coveredmethods="0"/>
          <line num="10" count="0" type="stmt"/>
          <line num="11" count="0" type="stmt"/>
          <line num="12" count="0" type="stmt"/>
        </file>
        <file name="index.js" path="C:\projects\comp\react-xlsx\src\index.js">
          <metrics statements="0" coveredstatements="0" conditionals="0" coveredconditionals="0" methods="0" coveredmethods="0"/>
        </file>
        <file name="reactUtils.js" path="C:\projects\comp\react-xlsx\src\reactUtils.js">
          <metrics statements="16" coveredstatements="16" conditionals="18" coveredconditionals="17" methods="4" coveredmethods="4"/>
          <line num="3" count="2" type="stmt"/>
          <line num="4" count="69" type="stmt"/>
          <line num="5" count="94" type="stmt"/>
          <line num="6" count="86" type="stmt"/>
          <line num="7" count="19" type="stmt"/>
          <line num="9" count="86" type="stmt"/>
          <line num="10" count="58" type="stmt"/>
          <line num="14" count="69" type="stmt"/>
          <line num="17" count="2" type="stmt"/>
          <line num="18" count="10" type="stmt"/>
          <line num="19" count="10" type="stmt"/>
          <line num="20" count="10" type="stmt"/>
          <line num="21" count="6" type="stmt"/>
          <line num="23" count="10" type="stmt"/>
          <line num="24" count="4" type="stmt"/>
          <line num="28" count="10" type="stmt"/>
        </file>
        <file name="s2ab.js" path="C:\projects\comp\react-xlsx\src\s2ab.js">
          <metrics statements="4" coveredstatements="4" conditionals="0" coveredconditionals="0" methods="1" coveredmethods="1"/>
          <line num="2" count="1" type="stmt"/>
          <line num="3" count="1" type="stmt"/>
          <line num="4" count="15266" type="stmt"/>
          <line num="5" count="1" type="stmt"/>
        </file>
      </package>
      <package name="src.instances">
        <metrics statements="12" coveredstatements="9" conditionals="0" coveredconditionals="0" methods="4" coveredmethods="2"/>
        <file name="index.js" path="C:\projects\comp\react-xlsx\src\instances\index.js">
          <metrics statements="12" coveredstatements="9" conditionals="0" coveredconditionals="0" methods="4" coveredmethods="2"/>
          <line num="5" count="2" type="stmt"/>
          <line num="7" count="2" type="stmt"/>
          <line num="8" count="0" type="stmt"/>
          <line num="9" count="0" type="stmt"/>
          <line num="12" count="2" type="stmt"/>
          <line num="13" count="3" type="stmt"/>
          <line num="43" count="2" type="stmt"/>
          <line num="44" count="1" type="stmt"/>
          <line num="45" count="1" type="stmt"/>
          <line num="46" count="1" type="stmt"/>
          <line num="47" count="1" type="stmt"/>
          <line num="49" count="0" type="stmt"/>
        </file>
      </package>
    </metrics>
  </project>
</coverage>
