<?xml version="1.0" encoding="UTF-8"?>
<coverage generated="1473323704772" clover="3.2.0">
  <project timestamp="1473323704772" name="All files">
    <metrics statements="105" coveredstatements="90" conditionals="70" coveredconditionals="54" methods="24" coveredmethods="19" elements="199" coveredelements="163" complexity="0" loc="105" ncloc="105" packages="2" files="7" classes="7">
      <package name="src">
        <metrics statements="98" coveredstatements="86" conditionals="70" coveredconditionals="54" methods="22" coveredmethods="18"/>
        <file name="Sheet.js" path="c:\projects\comp\react-xslx\src\Sheet.js">
          <metrics statements="3" coveredstatements="3" conditionals="2" coveredconditionals="1" methods="1" coveredmethods="1"/>
          <line num="10" count="4" type="stmt"/>
          <line num="11" count="4" type="stmt"/>
          <line num="12" count="4" type="stmt"/>
        </file>
        <file name="WorkBook.js" path="c:\projects\comp\react-xslx\src\WorkBook.js">
          <metrics statements="71" coveredstatements="62" conditionals="48" coveredconditionals="35" methods="14" coveredmethods="11"/>
          <line num="12" count="6" type="stmt"/>
          <line num="13" count="6" type="stmt"/>
          <line num="14" count="6" type="stmt"/>
          <line num="15" count="6" type="stmt"/>
          <line num="16" count="6" type="stmt"/>
          <line num="20" count="4" type="stmt"/>
          <line num="21" count="4" type="stmt"/>
          <line num="22" count="4" type="stmt"/>
          <line num="23" count="4" type="stmt"/>
          <line num="24" count="4" type="stmt"/>
          <line num="25" count="6" type="stmt"/>
          <line num="27" count="6" type="stmt"/>
          <line num="28" count="2" type="stmt"/>
          <line num="29" count="2" type="stmt"/>
          <line num="31" count="4" type="stmt"/>
          <line num="33" count="6" type="stmt"/>
          <line num="34" count="6" type="stmt"/>
          <line num="35" count="2" type="stmt"/>
          <line num="36" count="2" type="stmt"/>
          <line num="37" count="2" type="stmt"/>
          <line num="38" count="2" type="stmt"/>
          <line num="40" count="6" type="stmt"/>
          <line num="41" count="6" type="stmt"/>
          <line num="42" count="6" type="stmt"/>
          <line num="48" count="6" type="stmt"/>
          <line num="49" count="0" type="stmt"/>
          <line num="51" count="6" type="stmt"/>
          <line num="55" count="4" type="stmt"/>
          <line num="57" count="4" type="stmt"/>
          <line num="61" count="2" type="stmt"/>
          <line num="62" count="2" type="stmt"/>
          <line num="63" count="4" type="stmt"/>
          <line num="64" count="4" type="stmt"/>
          <line num="65" count="4" type="stmt"/>
          <line num="66" count="4" type="stmt"/>
          <line num="68" count="2" type="stmt"/>
          <line num="72" count="2" type="stmt"/>
          <line num="73" count="2" type="stmt"/>
          <line num="74" count="2" type="stmt"/>
          <line num="75" count="2" type="stmt"/>
          <line num="76" count="2" type="stmt"/>
          <line num="77" count="2" type="stmt"/>
          <line num="79" count="0" type="stmt"/>
          <line num="80" count="0" type="stmt"/>
          <line num="81" count="0" type="stmt"/>
          <line num="82" count="0" type="stmt"/>
          <line num="83" count="0" type="stmt"/>
          <line num="86" count="2" type="stmt"/>
          <line num="90" count="1" type="stmt"/>
          <line num="91" count="1" type="stmt"/>
          <line num="92" count="1" type="stmt"/>
          <line num="96" count="1" type="stmt"/>
          <line num="97" count="1" type="stmt"/>
          <line num="101" count="0" type="stmt"/>
          <line num="105" count="0" type="stmt"/>
          <line num="109" count="3" type="stmt"/>
          <line num="111" count="3" type="stmt"/>
          <line num="112" count="3" type="stmt"/>
          <line num="114" count="3" type="stmt"/>
          <line num="116" count="7" type="stmt"/>
          <line num="117" count="2" type="stmt"/>
          <line num="118" count="2" type="stmt"/>
          <line num="119" count="0" type="stmt"/>
          <line num="120" count="2" type="stmt"/>
          <line num="122" count="5" type="stmt"/>
          <line num="126" count="3" type="stmt"/>
          <line num="130" count="2" type="stmt"/>
          <line num="138" count="4" type="stmt"/>
          <line num="139" count="4" type="stmt"/>
          <line num="140" count="1" type="stmt"/>
          <line num="148" count="2" type="stmt"/>
        </file>
        <file name="XCell.js" path="c:\projects\comp\react-xslx\src\XCell.js">
          <metrics statements="3" coveredstatements="3" conditionals="2" coveredconditionals="2" methods="1" coveredmethods="1"/>
          <line num="13" count="6" type="stmt"/>
          <line num="14" count="6" type="stmt"/>
          <line num="15" count="2" type="stmt"/>
        </file>
        <file name="XTrigger.js" path="c:\projects\comp\react-xslx\src\XTrigger.js">
          <metrics statements="3" coveredstatements="0" conditionals="2" coveredconditionals="0" methods="1" coveredmethods="0"/>
          <line num="10" count="0" type="stmt"/>
          <line num="11" count="0" type="stmt"/>
          <line num="12" count="0" type="stmt"/>
        </file>
        <file name="reactUtils.js" path="c:\projects\comp\react-xslx\src\reactUtils.js">
          <metrics statements="14" coveredstatements="14" conditionals="16" coveredconditionals="16" methods="4" coveredmethods="4"/>
          <line num="3" count="2" type="stmt"/>
          <line num="4" count="66" type="stmt"/>
          <line num="5" count="83" type="stmt"/>
          <line num="6" count="19" type="stmt"/>
          <line num="8" count="83" type="stmt"/>
          <line num="9" count="56" type="stmt"/>
          <line num="12" count="66" type="stmt"/>
          <line num="15" count="2" type="stmt"/>
          <line num="16" count="10" type="stmt"/>
          <line num="17" count="10" type="stmt"/>
          <line num="18" count="6" type="stmt"/>
          <line num="20" count="10" type="stmt"/>
          <line num="21" count="4" type="stmt"/>
          <line num="24" count="10" type="stmt"/>
        </file>
        <file name="s2ab.js" path="c:\projects\comp\react-xslx\src\s2ab.js">
          <metrics statements="4" coveredstatements="4" conditionals="0" coveredconditionals="0" methods="1" coveredmethods="1"/>
          <line num="2" count="1" type="stmt"/>
          <line num="3" count="1" type="stmt"/>
          <line num="4" count="15266" type="stmt"/>
          <line num="5" count="1" type="stmt"/>
        </file>
      </package>
      <package name="src.instances">
        <metrics statements="7" coveredstatements="4" conditionals="0" coveredconditionals="0" methods="2" coveredmethods="1"/>
        <file name="index.js" path="c:\projects\comp\react-xslx\src\instances\index.js">
          <metrics statements="7" coveredstatements="4" conditionals="0" coveredconditionals="0" methods="2" coveredmethods="1"/>
          <line num="8" count="2" type="stmt"/>
          <line num="10" count="2" type="stmt"/>
          <line num="11" count="0" type="stmt"/>
          <line num="12" count="0" type="stmt"/>
          <line num="13" count="0" type="stmt"/>
          <line num="16" count="2" type="stmt"/>
          <line num="17" count="3" type="stmt"/>
        </file>
      </package>
    </metrics>
  </project>
</coverage>
