{"c:\projects\comp\react-xlsx\src\Cell.js": {"path":"c:\\projects\\comp\\react-xlsx\\src\\Cell.js","statementMap":{"1":{"start":{"line":13,"column":25},"end":{"line":13,"column":35}},"2":{"start":{"line":14,"column":4},"end":{"line":14,"column":68}},"3":{"start":{"line":14,"column":38},"end":{"line":14,"column":68}},"4":{"start":{"line":15,"column":4},"end":{"line":15,"column":19}}},"fnMap":{"1":{"name":"(anonymous_1)","decl":{"start":{"line":12,"column":2},"end":{"line":12,"column":3}},"loc":{"start":{"line":12,"column":11},"end":{"line":16,"column":3}}}},"branchMap":{"1":{"loc":{"start":{"line":14,"column":4},"end":{"line":14,"column":68}},"type":"if","locations":[{"start":{"line":14,"column":4},"end":{"line":14,"column":68}},{"start":{"line":14,"column":4},"end":{"line":14,"column":68}}]}},"s":{"1":0,"2":0,"3":0,"4":0},"f":{"1":0},"b":{"1":[0,0]},"hash":"9eacb760a0cf925e6c1948c87def375461ff9042"}
,"c:\projects\comp\react-xlsx\src\Sheet.js": {"path":"c:\\projects\\comp\\react-xlsx\\src\\Sheet.js","statementMap":{"1":{"start":{"line":10,"column":25},"end":{"line":10,"column":35}},"2":{"start":{"line":11,"column":4},"end":{"line":11,"column":68}},"3":{"start":{"line":11,"column":38},"end":{"line":11,"column":68}},"4":{"start":{"line":12,"column":4},"end":{"line":12,"column":32}}},"fnMap":{"1":{"name":"(anonymous_1)","decl":{"start":{"line":9,"column":2},"end":{"line":9,"column":3}},"loc":{"start":{"line":9,"column":11},"end":{"line":13,"column":3}}}},"branchMap":{"1":{"loc":{"start":{"line":11,"column":4},"end":{"line":11,"column":68}},"type":"if","locations":[{"start":{"line":11,"column":4},"end":{"line":11,"column":68}},{"start":{"line":11,"column":4},"end":{"line":11,"column":68}}]}},"s":{"1":0,"2":0,"3":0,"4":0},"f":{"1":0},"b":{"1":[0,0]},"hash":"64b68686eb798f5c5f760ced1c0b5e2a94727496"}
,"c:\projects\comp\react-xlsx\src\WorkBook.js": {"path":"c:\\projects\\comp\\react-xlsx\\src\\WorkBook.js","statementMap":{"1":{"start":{"line":10,"column":4},"end":{"line":10,"column":44}},"2":{"start":{"line":10,"column":27},"end":{"line":10,"column":42}},"3":{"start":{"line":11,"column":4},"end":{"line":11,"column":44}},"4":{"start":{"line":11,"column":27},"end":{"line":11,"column":42}},"5":{"start":{"line":12,"column":4},"end":{"line":12,"column":44}},"6":{"start":{"line":12,"column":27},"end":{"line":12,"column":42}},"7":{"start":{"line":13,"column":4},"end":{"line":13,"column":44}},"8":{"start":{"line":13,"column":27},"end":{"line":13,"column":42}},"9":{"start":{"line":14,"column":4},"end":{"line":14,"column":16}},"10":{"start":{"line":18,"column":17},"end":{"line":18,"column":19}},"11":{"start":{"line":19,"column":17},"end":{"line":19,"column":19}},"12":{"start":{"line":20,"column":4},"end":{"line":54,"column":5}},"13":{"start":{"line":21,"column":18},"end":{"line":21,"column":66}},"14":{"start":{"line":22,"column":6},"end":{"line":52,"column":8}},"15":{"start":{"line":23,"column":101},"end":{"line":23,"column":111}},"16":{"start":{"line":25,"column":8},"end":{"line":30,"column":9}},"17":{"start":{"line":26,"column":35},"end":{"line":26,"column":66}},"18":{"start":{"line":27,"column":10},"end":{"line":27,"column":28}},"19":{"start":{"line":29,"column":10},"end":{"line":29,"column":61}},"20":{"start":{"line":31,"column":8},"end":{"line":31,"column":49}},"21":{"start":{"line":32,"column":8},"end":{"line":37,"column":9}},"22":{"start":{"line":33,"column":10},"end":{"line":33,"column":41}},"23":{"start":{"line":34,"column":10},"end":{"line":34,"column":41}},"24":{"start":{"line":35,"column":22},"end":{"line":35,"column":98}},"25":{"start":{"line":36,"column":10},"end":{"line":36,"column":28}},"26":{"start":{"line":38,"column":21},"end":{"line":38,"column":73}},"27":{"start":{"line":39,"column":8},"end":{"line":51,"column":9}},"28":{"start":{"line":40,"column":10},"end":{"line":44,"column":11}},"29":{"start":{"line":46,"column":10},"end":{"line":50,"column":11}},"30":{"start":{"line":47,"column":12},"end":{"line":47,"column":42}},"31":{"start":{"line":49,"column":12},"end":{"line":49,"column":42}},"32":{"start":{"line":53,"column":6},"end":{"line":53,"column":99}},"33":{"start":{"line":55,"column":4},"end":{"line":55,"column":17}},"34":{"start":{"line":59,"column":17},"end":{"line":59,"column":47}},"35":{"start":{"line":60,"column":4},"end":{"line":65,"column":6}},"36":{"start":{"line":61,"column":33},"end":{"line":61,"column":44}},"37":{"start":{"line":62,"column":18},"end":{"line":62,"column":59}},"38":{"start":{"line":63,"column":6},"end":{"line":63,"column":48}},"39":{"start":{"line":64,"column":6},"end":{"line":64,"column":34}},"40":{"start":{"line":66,"column":4},"end":{"line":66,"column":17}},"41":{"start":{"line":70,"column":40},"end":{"line":70,"column":50}},"42":{"start":{"line":71,"column":13},"end":{"line":71,"column":15}},"43":{"start":{"line":72,"column":17},"end":{"line":72,"column":59}},"44":{"start":{"line":73,"column":4},"end":{"line":83,"column":5}},"45":{"start":{"line":74,"column":6},"end":{"line":74,"column":33}},"46":{"start":{"line":75,"column":6},"end":{"line":75,"column":49}},"47":{"start":{"line":77,"column":18},"end":{"line":77,"column":59}},"48":{"start":{"line":78,"column":6},"end":{"line":82,"column":7}},"49":{"start":{"line":79,"column":8},"end":{"line":79,"column":34}},"50":{"start":{"line":80,"column":8},"end":{"line":80,"column":22}},"51":{"start":{"line":81,"column":8},"end":{"line":81,"column":50}},"52":{"start":{"line":84,"column":4},"end":{"line":84,"column":13}},"53":{"start":{"line":88,"column":33},"end":{"line":88,"column":43}},"54":{"start":{"line":89,"column":16},"end":{"line":89,"column":104}},"55":{"start":{"line":90,"column":4},"end":{"line":90,"column":32}},"56":{"start":{"line":94,"column":13},"end":{"line":94,"column":34}},"57":{"start":{"line":95,"column":4},"end":{"line":95,"column":125}},"58":{"start":{"line":99,"column":4},"end":{"line":99,"column":28}},"59":{"start":{"line":103,"column":4},"end":{"line":103,"column":28}},"60":{"start":{"line":107,"column":72},"end":{"line":107,"column":82}},"61":{"start":{"line":109,"column":4},"end":{"line":109,"column":77}},"62":{"start":{"line":109,"column":41},"end":{"line":109,"column":77}},"63":{"start":{"line":110,"column":4},"end":{"line":110,"column":28}},"64":{"start":{"line":110,"column":17},"end":{"line":110,"column":28}},"65":{"start":{"line":112,"column":30},"end":{"line":123,"column":5}},"66":{"start":{"line":114,"column":8},"end":{"line":121,"column":9}},"67":{"start":{"line":115,"column":29},"end":{"line":115,"column":31}},"68":{"start":{"line":116,"column":10},"end":{"line":117,"column":49}},"69":{"start":{"line":117,"column":12},"end":{"line":117,"column":48}},"70":{"start":{"line":118,"column":10},"end":{"line":118,"column":71}},"71":{"start":{"line":120,"column":10},"end":{"line":120,"column":47}},"72":{"start":{"line":120,"column":35},"end":{"line":120,"column":47}},"73":{"start":{"line":124,"column":4},"end":{"line":124,"column":41}},"74":{"start":{"line":128,"column":0},"end":{"line":144,"column":1}},"75":{"start":{"line":136,"column":15},"end":{"line":136,"column":30}},"76":{"start":{"line":137,"column":4},"end":{"line":142,"column":5}},"77":{"start":{"line":138,"column":6},"end":{"line":141,"column":7}},"78":{"start":{"line":146,"column":0},"end":{"line":150,"column":1}}},"fnMap":{"1":{"name":"(anonymous_1)","decl":{"start":{"line":9,"column":2},"end":{"line":9,"column":3}},"loc":{"start":{"line":9,"column":32},"end":{"line":15,"column":3}}},"2":{"name":"(anonymous_2)","decl":{"start":{"line":17,"column":2},"end":{"line":17,"column":3}},"loc":{"start":{"line":17,"column":19},"end":{"line":56,"column":3}}},"3":{"name":"(anonymous_3)","decl":{"start":{"line":22,"column":20},"end":{"line":22,"column":21}},"loc":{"start":{"line":22,"column":28},"end":{"line":52,"column":7}}},"4":{"name":"(anonymous_4)","decl":{"start":{"line":58,"column":2},"end":{"line":58,"column":3}},"loc":{"start":{"line":58,"column":21},"end":{"line":67,"column":3}}},"5":{"name":"(anonymous_5)","decl":{"start":{"line":60,"column":19},"end":{"line":60,"column":20}},"loc":{"start":{"line":60,"column":28},"end":{"line":65,"column":5}}},"6":{"name":"(anonymous_6)","decl":{"start":{"line":69,"column":2},"end":{"line":69,"column":3}},"loc":{"start":{"line":69,"column":20},"end":{"line":85,"column":3}}},"7":{"name":"(anonymous_7)","decl":{"start":{"line":87,"column":2},"end":{"line":87,"column":3}},"loc":{"start":{"line":87,"column":17},"end":{"line":91,"column":3}}},"8":{"name":"(anonymous_8)","decl":{"start":{"line":93,"column":2},"end":{"line":93,"column":3}},"loc":{"start":{"line":93,"column":18},"end":{"line":96,"column":3}}},"9":{"name":"(anonymous_9)","decl":{"start":{"line":98,"column":2},"end":{"line":98,"column":3}},"loc":{"start":{"line":98,"column":19},"end":{"line":100,"column":3}}},"10":{"name":"(anonymous_10)","decl":{"start":{"line":102,"column":2},"end":{"line":102,"column":3}},"loc":{"start":{"line":102,"column":16},"end":{"line":104,"column":3}}},"11":{"name":"(anonymous_11)","decl":{"start":{"line":106,"column":2},"end":{"line":106,"column":3}},"loc":{"start":{"line":106,"column":12},"end":{"line":125,"column":3}}},"12":{"name":"(anonymous_12)","decl":{"start":{"line":113,"column":6},"end":{"line":113,"column":7}},"loc":{"start":{"line":113,"column":17},"end":{"line":122,"column":7}}},"13":{"name":"(anonymous_13)","decl":{"start":{"line":116,"column":45},"end":{"line":116,"column":46}},"loc":{"start":{"line":116,"column":51},"end":{"line":117,"column":49}}},"14":{"name":"(anonymous_14)","decl":{"start":{"line":135,"column":12},"end":{"line":135,"column":13}},"loc":{"start":{"line":135,"column":58},"end":{"line":143,"column":3}}}},"branchMap":{"1":{"loc":{"start":{"line":10,"column":4},"end":{"line":10,"column":44}},"type":"if","locations":[{"start":{"line":10,"column":4},"end":{"line":10,"column":44}},{"start":{"line":10,"column":4},"end":{"line":10,"column":44}}]},"2":{"loc":{"start":{"line":11,"column":4},"end":{"line":11,"column":44}},"type":"if","locations":[{"start":{"line":11,"column":4},"end":{"line":11,"column":44}},{"start":{"line":11,"column":4},"end":{"line":11,"column":44}}]},"3":{"loc":{"start":{"line":12,"column":4},"end":{"line":12,"column":44}},"type":"if","locations":[{"start":{"line":12,"column":4},"end":{"line":12,"column":44}},{"start":{"line":12,"column":4},"end":{"line":12,"column":44}}]},"4":{"loc":{"start":{"line":13,"column":4},"end":{"line":13,"column":44}},"type":"if","locations":[{"start":{"line":13,"column":4},"end":{"line":13,"column":44}},{"start":{"line":13,"column":4},"end":{"line":13,"column":44}}]},"5":{"loc":{"start":{"line":20,"column":4},"end":{"line":54,"column":5}},"type":"if","locations":[{"start":{"line":20,"column":4},"end":{"line":54,"column":5}},{"start":{"line":20,"column":4},"end":{"line":54,"column":5}}]},"6":{"loc":{"start":{"line":23,"column":61},"end":{"line":23,"column":75}},"type":"default-arg","locations":[{"start":{"line":23,"column":73},"end":{"line":23,"column":75}}]},"7":{"loc":{"start":{"line":23,"column":77},"end":{"line":23,"column":87}},"type":"default-arg","locations":[{"start":{"line":23,"column":84},"end":{"line":23,"column":87}}]},"8":{"loc":{"start":{"line":25,"column":8},"end":{"line":30,"column":9}},"type":"if","locations":[{"start":{"line":25,"column":8},"end":{"line":30,"column":9}},{"start":{"line":25,"column":8},"end":{"line":30,"column":9}}]},"9":{"loc":{"start":{"line":32,"column":8},"end":{"line":37,"column":9}},"type":"if","locations":[{"start":{"line":32,"column":8},"end":{"line":37,"column":9}},{"start":{"line":32,"column":8},"end":{"line":37,"column":9}}]},"10":{"loc":{"start":{"line":32,"column":12},"end":{"line":32,"column":30}},"type":"binary-expr","locations":[{"start":{"line":32,"column":12},"end":{"line":32,"column":19}},{"start":{"line":32,"column":23},"end":{"line":32,"column":30}}]},"11":{"loc":{"start":{"line":33,"column":20},"end":{"line":33,"column":41}},"type":"cond-expr","locations":[{"start":{"line":33,"column":30},"end":{"line":33,"column":37}},{"start":{"line":33,"column":40},"end":{"line":33,"column":41}}]},"12":{"loc":{"start":{"line":34,"column":20},"end":{"line":34,"column":41}},"type":"cond-expr","locations":[{"start":{"line":34,"column":30},"end":{"line":34,"column":37}},{"start":{"line":34,"column":40},"end":{"line":34,"column":41}}]},"13":{"loc":{"start":{"line":38,"column":21},"end":{"line":38,"column":73}},"type":"cond-expr","locations":[{"start":{"line":38,"column":32},"end":{"line":38,"column":68}},{"start":{"line":38,"column":71},"end":{"line":38,"column":73}}]},"14":{"loc":{"start":{"line":39,"column":8},"end":{"line":51,"column":9}},"type":"if","locations":[{"start":{"line":39,"column":8},"end":{"line":51,"column":9}},{"start":{"line":39,"column":8},"end":{"line":51,"column":9}}]},"15":{"loc":{"start":{"line":46,"column":10},"end":{"line":50,"column":11}},"type":"if","locations":[{"start":{"line":46,"column":10},"end":{"line":50,"column":11}},{"start":{"line":46,"column":10},"end":{"line":50,"column":11}}]},"16":{"loc":{"start":{"line":73,"column":4},"end":{"line":83,"column":5}},"type":"if","locations":[{"start":{"line":73,"column":4},"end":{"line":83,"column":5}},{"start":{"line":73,"column":4},"end":{"line":83,"column":5}}]},"17":{"loc":{"start":{"line":78,"column":6},"end":{"line":82,"column":7}},"type":"if","locations":[{"start":{"line":78,"column":6},"end":{"line":82,"column":7}},{"start":{"line":78,"column":6},"end":{"line":82,"column":7}}]},"18":{"loc":{"start":{"line":107,"column":30},"end":{"line":107,"column":50}},"type":"default-arg","locations":[{"start":{"line":107,"column":45},"end":{"line":107,"column":50}}]},"19":{"loc":{"start":{"line":109,"column":4},"end":{"line":109,"column":77}},"type":"if","locations":[{"start":{"line":109,"column":4},"end":{"line":109,"column":77}},{"start":{"line":109,"column":4},"end":{"line":109,"column":77}}]},"20":{"loc":{"start":{"line":109,"column":8},"end":{"line":109,"column":39}},"type":"binary-expr","locations":[{"start":{"line":109,"column":8},"end":{"line":109,"column":20}},{"start":{"line":109,"column":24},"end":{"line":109,"column":39}}]},"21":{"loc":{"start":{"line":110,"column":4},"end":{"line":110,"column":28}},"type":"if","locations":[{"start":{"line":110,"column":4},"end":{"line":110,"column":28}},{"start":{"line":110,"column":4},"end":{"line":110,"column":28}}]},"22":{"loc":{"start":{"line":114,"column":8},"end":{"line":121,"column":9}},"type":"if","locations":[{"start":{"line":114,"column":8},"end":{"line":121,"column":9}},{"start":{"line":114,"column":8},"end":{"line":121,"column":9}}]},"23":{"loc":{"start":{"line":114,"column":12},"end":{"line":114,"column":72}},"type":"binary-expr","locations":[{"start":{"line":114,"column":12},"end":{"line":114,"column":35}},{"start":{"line":114,"column":39},"end":{"line":114,"column":50}},{"start":{"line":114,"column":54},"end":{"line":114,"column":72}}]},"24":{"loc":{"start":{"line":120,"column":10},"end":{"line":120,"column":47}},"type":"if","locations":[{"start":{"line":120,"column":10},"end":{"line":120,"column":47}},{"start":{"line":120,"column":10},"end":{"line":120,"column":47}}]},"25":{"loc":{"start":{"line":137,"column":4},"end":{"line":142,"column":5}},"type":"if","locations":[{"start":{"line":137,"column":4},"end":{"line":142,"column":5}},{"start":{"line":137,"column":4},"end":{"line":142,"column":5}}]}},"s":{"1":6,"2":4,"3":6,"4":4,"5":6,"6":4,"7":6,"8":4,"9":6,"10":4,"11":4,"12":4,"13":4,"14":4,"15":6,"16":6,"17":2,"18":2,"19":4,"20":6,"21":6,"22":2,"23":2,"24":2,"25":2,"26":6,"27":6,"28":6,"29":6,"30":0,"31":6,"32":4,"33":4,"34":2,"35":2,"36":4,"37":4,"38":4,"39":4,"40":2,"41":2,"42":2,"43":2,"44":2,"45":2,"46":2,"47":0,"48":0,"49":0,"50":0,"51":0,"52":2,"53":1,"54":1,"55":1,"56":1,"57":1,"58":0,"59":0,"60":3,"61":3,"62":0,"63":3,"64":0,"65":3,"66":7,"67":2,"68":2,"69":0,"70":2,"71":5,"72":1,"73":3,"74":2,"75":4,"76":4,"77":1,"78":2},"f":{"1":6,"2":4,"3":6,"4":2,"5":4,"6":2,"7":1,"8":1,"9":0,"10":0,"11":3,"12":7,"13":0,"14":4},"b":{"1":[4,2],"2":[4,2],"3":[4,2],"4":[4,2],"5":[4,0],"6":[4],"7":[6],"8":[2,4],"9":[2,4],"10":[6,4],"11":[2,0],"12":[2,0],"13":[6,0],"14":[6,0],"15":[0,6],"16":[2,0],"17":[0,0],"18":[3],"19":[0,3],"20":[3,0],"21":[0,3],"22":[2,5],"23":[7,2,2],"24":[1,4],"25":[1,3]},"hash":"c78405e8782137e7dfe2dbac8637c16807422d6d"}
,"c:\projects\comp\react-xlsx\src\XTrigger.js": {"path":"c:\\projects\\comp\\react-xlsx\\src\\XTrigger.js","statementMap":{"1":{"start":{"line":10,"column":25},"end":{"line":10,"column":35}},"2":{"start":{"line":11,"column":4},"end":{"line":11,"column":68}},"3":{"start":{"line":11,"column":38},"end":{"line":11,"column":68}},"4":{"start":{"line":12,"column":4},"end":{"line":12,"column":19}}},"fnMap":{"1":{"name":"(anonymous_1)","decl":{"start":{"line":9,"column":2},"end":{"line":9,"column":3}},"loc":{"start":{"line":9,"column":11},"end":{"line":13,"column":3}}}},"branchMap":{"1":{"loc":{"start":{"line":11,"column":4},"end":{"line":11,"column":68}},"type":"if","locations":[{"start":{"line":11,"column":4},"end":{"line":11,"column":68}},{"start":{"line":11,"column":4},"end":{"line":11,"column":68}}]}},"s":{"1":0,"2":0,"3":0,"4":0},"f":{"1":0},"b":{"1":[0,0]},"hash":"da39f8e24f327582c12575fb48ea8f772f053b74"}
,"c:\projects\comp\react-xlsx\src\index.js": {"path":"c:\\projects\\comp\\react-xlsx\\src\\index.js","statementMap":{},"fnMap":{},"branchMap":{},"s":{},"f":{},"b":{},"hash":"276c87d04c2aab41b36984256c49d8eb10cb6775"}
,"c:\projects\comp\react-xlsx\src\reactUtils.js": {"path":"c:\\projects\\comp\\react-xlsx\\src\\reactUtils.js","statementMap":{"1":{"start":{"line":3,"column":41},"end":{"line":13,"column":1}},"2":{"start":{"line":4,"column":2},"end":{"line":11,"column":4}},"3":{"start":{"line":5,"column":4},"end":{"line":7,"column":5}},"4":{"start":{"line":6,"column":6},"end":{"line":6,"column":25}},"5":{"start":{"line":8,"column":4},"end":{"line":10,"column":5}},"6":{"start":{"line":9,"column":6},"end":{"line":9,"column":68}},"7":{"start":{"line":12,"column":2},"end":{"line":12,"column":16}},"8":{"start":{"line":15,"column":32},"end":{"line":25,"column":1}},"9":{"start":{"line":16,"column":2},"end":{"line":23,"column":4}},"10":{"start":{"line":17,"column":4},"end":{"line":19,"column":5}},"11":{"start":{"line":18,"column":6},"end":{"line":18,"column":25}},"12":{"start":{"line":20,"column":4},"end":{"line":22,"column":5}},"13":{"start":{"line":21,"column":6},"end":{"line":21,"column":59}},"14":{"start":{"line":24,"column":2},"end":{"line":24,"column":16}}},"fnMap":{"1":{"name":"(anonymous_1)","decl":{"start":{"line":3,"column":41},"end":{"line":3,"column":42}},"loc":{"start":{"line":3,"column":75},"end":{"line":13,"column":1}}},"2":{"name":"(anonymous_2)","decl":{"start":{"line":4,"column":35},"end":{"line":4,"column":36}},"loc":{"start":{"line":4,"column":44},"end":{"line":11,"column":3}}},"3":{"name":"(anonymous_3)","decl":{"start":{"line":15,"column":32},"end":{"line":15,"column":33}},"loc":{"start":{"line":15,"column":66},"end":{"line":25,"column":1}}},"4":{"name":"(anonymous_4)","decl":{"start":{"line":16,"column":35},"end":{"line":16,"column":36}},"loc":{"start":{"line":16,"column":44},"end":{"line":23,"column":3}}}},"branchMap":{"1":{"loc":{"start":{"line":3,"column":58},"end":{"line":3,"column":70}},"type":"default-arg","locations":[{"start":{"line":3,"column":68},"end":{"line":3,"column":70}}]},"2":{"loc":{"start":{"line":5,"column":4},"end":{"line":7,"column":5}},"type":"if","locations":[{"start":{"line":5,"column":4},"end":{"line":7,"column":5}},{"start":{"line":5,"column":4},"end":{"line":7,"column":5}}]},"3":{"loc":{"start":{"line":8,"column":4},"end":{"line":10,"column":5}},"type":"if","locations":[{"start":{"line":8,"column":4},"end":{"line":10,"column":5}},{"start":{"line":8,"column":4},"end":{"line":10,"column":5}}]},"4":{"loc":{"start":{"line":8,"column":8},"end":{"line":8,"column":52}},"type":"binary-expr","locations":[{"start":{"line":8,"column":8},"end":{"line":8,"column":13}},{"start":{"line":8,"column":17},"end":{"line":8,"column":28}},{"start":{"line":8,"column":32},"end":{"line":8,"column":52}}]},"5":{"loc":{"start":{"line":15,"column":49},"end":{"line":15,"column":61}},"type":"default-arg","locations":[{"start":{"line":15,"column":59},"end":{"line":15,"column":61}}]},"6":{"loc":{"start":{"line":17,"column":4},"end":{"line":19,"column":5}},"type":"if","locations":[{"start":{"line":17,"column":4},"end":{"line":19,"column":5}},{"start":{"line":17,"column":4},"end":{"line":19,"column":5}}]},"7":{"loc":{"start":{"line":20,"column":4},"end":{"line":22,"column":5}},"type":"if","locations":[{"start":{"line":20,"column":4},"end":{"line":22,"column":5}},{"start":{"line":20,"column":4},"end":{"line":22,"column":5}}]},"8":{"loc":{"start":{"line":20,"column":8},"end":{"line":20,"column":52}},"type":"binary-expr","locations":[{"start":{"line":20,"column":8},"end":{"line":20,"column":13}},{"start":{"line":20,"column":17},"end":{"line":20,"column":28}},{"start":{"line":20,"column":32},"end":{"line":20,"column":52}}]}},"s":{"1":2,"2":66,"3":83,"4":19,"5":83,"6":56,"7":66,"8":2,"9":10,"10":10,"11":6,"12":10,"13":4,"14":10},"f":{"1":66,"2":83,"3":10,"4":10},"b":{"1":[10],"2":[19,64],"3":[56,27],"4":[83,83,56],"5":[6],"6":[6,4],"7":[4,6],"8":[10,10,4]},"hash":"241393e4de55c1d5c34dd68c3580c0794c9c794d"}
,"c:\projects\comp\react-xlsx\src\s2ab.js": {"path":"c:\\projects\\comp\\react-xlsx\\src\\s2ab.js","statementMap":{"1":{"start":{"line":2,"column":12},"end":{"line":2,"column":37}},"2":{"start":{"line":3,"column":13},"end":{"line":3,"column":32}},"3":{"start":{"line":4,"column":2},"end":{"line":4,"column":67}},"4":{"start":{"line":4,"column":34},"end":{"line":4,"column":67}},"5":{"start":{"line":5,"column":2},"end":{"line":5,"column":13}}},"fnMap":{"1":{"name":"s2ab","decl":{"start":{"line":1,"column":9},"end":{"line":1,"column":13}},"loc":{"start":{"line":1,"column":17},"end":{"line":6,"column":1}}}},"branchMap":{},"s":{"1":1,"2":1,"3":1,"4":15266,"5":1},"f":{"1":1},"b":{},"hash":"2509835e49dace3bee49eea1009d4dcd93eb557c"}
,"c:\projects\comp\react-xlsx\src\instances\index.js": {"path":"c:\\projects\\comp\\react-xlsx\\src\\instances\\index.js","statementMap":{"1":{"start":{"line":5,"column":25},"end":{"line":5,"column":121}},"2":{"start":{"line":7,"column":19},"end":{"line":10,"column":1}},"3":{"start":{"line":8,"column":2},"end":{"line":8,"column":19}},"4":{"start":{"line":9,"column":2},"end":{"line":9,"column":37}},"5":{"start":{"line":12,"column":22},"end":{"line":41,"column":1}},"6":{"start":{"line":13,"column":2},"end":{"line":40,"column":22}}},"fnMap":{"1":{"name":"(anonymous_1)","decl":{"start":{"line":7,"column":19},"end":{"line":7,"column":20}},"loc":{"start":{"line":7,"column":29},"end":{"line":10,"column":1}}},"2":{"name":"(anonymous_2)","decl":{"start":{"line":12,"column":22},"end":{"line":12,"column":23}},"loc":{"start":{"line":12,"column":28},"end":{"line":41,"column":1}}}},"branchMap":{},"s":{"1":2,"2":2,"3":0,"4":0,"5":2,"6":3},"f":{"1":0,"2":3},"b":{},"hash":"f9027bcd8a5184ed3f7aa39106354413308e4077"}
}
