TN:
SF:C:\projects\comp\react-xlsx\src\Cell.js
FN:12,(anonymous_1)
FNF:1
FNH:0
FNDA:0,(anonymous_1)
DA:13,0
DA:14,0
DA:15,0
LF:3
LH:0
BRDA:14,1,0,0
BRDA:14,1,1,0
BRF:2
BRH:0
end_of_record
TN:
SF:C:\projects\comp\react-xlsx\src\Sheet.js
FN:9,(anonymous_1)
FNF:1
FNH:0
FNDA:0,(anonymous_1)
DA:10,0
DA:11,0
DA:12,0
LF:3
LH:0
BRDA:11,1,0,0
BRDA:11,1,1,0
BRF:2
BRH:0
end_of_record
TN:
SF:C:\projects\comp\react-xlsx\src\WorkBook.js
FN:9,(anonymous_1)
FN:17,(anonymous_2)
FN:22,(anonymous_3)
FN:58,(anonymous_4)
FN:60,(anonymous_5)
FN:69,(anonymous_6)
FN:87,(anonymous_7)
FN:93,(anonymous_8)
FN:98,(anonymous_9)
FN:102,(anonymous_10)
FN:106,(anonymous_11)
FN:113,(anonymous_12)
FN:116,(anonymous_13)
FN:137,(anonymous_14)
FNF:14
FNH:11
FNDA:6,(anonymous_1)
FNDA:4,(anonymous_2)
FNDA:6,(anonymous_3)
FNDA:2,(anonymous_4)
FNDA:4,(anonymous_5)
FNDA:2,(anonymous_6)
FNDA:1,(anonymous_7)
FNDA:1,(anonymous_8)
FNDA:0,(anonymous_9)
FNDA:0,(anonymous_10)
FNDA:4,(anonymous_11)
FNDA:8,(anonymous_12)
FNDA:0,(anonymous_13)
FNDA:5,(anonymous_14)
DA:10,6
DA:11,6
DA:12,6
DA:13,6
DA:14,6
DA:18,4
DA:19,4
DA:20,4
DA:21,4
DA:22,4
DA:23,6
DA:25,6
DA:26,2
DA:27,2
DA:29,4
DA:31,6
DA:32,6
DA:33,2
DA:34,2
DA:35,2
DA:36,2
DA:38,6
DA:39,6
DA:40,6
DA:46,6
DA:47,0
DA:49,6
DA:53,4
DA:55,4
DA:59,2
DA:60,2
DA:61,4
DA:62,4
DA:63,4
DA:64,4
DA:66,2
DA:70,2
DA:71,2
DA:72,2
DA:73,2
DA:74,2
DA:75,2
DA:77,0
DA:78,0
DA:79,0
DA:80,0
DA:81,0
DA:84,2
DA:88,1
DA:89,1
DA:90,1
DA:94,1
DA:95,1
DA:99,0
DA:103,0
DA:107,4
DA:109,4
DA:110,4
DA:112,4
DA:114,8
DA:115,2
DA:116,2
DA:117,0
DA:118,2
DA:120,5
DA:124,3
DA:130,2
DA:138,5
DA:139,5
DA:140,2
DA:148,2
LF:71
LH:62
BRDA:10,1,0,4
BRDA:10,1,1,2
BRDA:11,2,0,4
BRDA:11,2,1,2
BRDA:12,3,0,4
BRDA:12,3,1,2
BRDA:13,4,0,4
BRDA:13,4,1,2
BRDA:20,5,0,4
BRDA:20,5,1,0
BRDA:23,6,0,4
BRDA:23,7,0,6
BRDA:25,8,0,2
BRDA:25,8,1,4
BRDA:32,9,0,2
BRDA:32,9,1,4
BRDA:32,10,0,6
BRDA:32,10,1,4
BRDA:33,11,0,2
BRDA:33,11,1,0
BRDA:34,12,0,2
BRDA:34,12,1,0
BRDA:38,13,0,6
BRDA:38,13,1,0
BRDA:39,14,0,6
BRDA:39,14,1,0
BRDA:46,15,0,0
BRDA:46,15,1,6
BRDA:73,16,0,2
BRDA:73,16,1,0
BRDA:78,17,0,0
BRDA:78,17,1,0
BRDA:107,18,0,4
BRDA:109,19,0,0
BRDA:109,19,1,4
BRDA:109,20,0,4
BRDA:109,20,1,0
BRDA:110,21,0,0
BRDA:110,21,1,4
BRDA:114,22,0,2
BRDA:114,22,1,5
BRDA:114,23,0,8
BRDA:114,23,1,2
BRDA:114,23,2,2
BRDA:120,24,0,1
BRDA:120,24,1,4
BRDA:139,25,0,2
BRDA:139,25,1,3
BRF:48
BRH:36
end_of_record
TN:
SF:C:\projects\comp\react-xlsx\src\XTrigger.js
FN:9,(anonymous_1)
FNF:1
FNH:0
FNDA:0,(anonymous_1)
DA:10,0
DA:11,0
DA:12,0
LF:3
LH:0
BRDA:11,1,0,0
BRDA:11,1,1,0
BRF:2
BRH:0
end_of_record
TN:
SF:C:\projects\comp\react-xlsx\src\index.js
FNF:0
FNH:0
LF:0
LH:0
BRF:0
BRH:0
end_of_record
TN:
SF:C:\projects\comp\react-xlsx\src\reactUtils.js
FN:3,(anonymous_1)
FN:4,(anonymous_2)
FN:17,(anonymous_3)
FN:18,(anonymous_4)
FNF:4
FNH:4
FNDA:69,(anonymous_1)
FNDA:94,(anonymous_2)
FNDA:10,(anonymous_3)
FNDA:10,(anonymous_4)
DA:3,2
DA:4,69
DA:5,94
DA:6,86
DA:7,19
DA:9,86
DA:10,58
DA:14,69
DA:17,2
DA:18,10
DA:19,10
DA:20,10
DA:21,6
DA:23,10
DA:24,4
DA:28,10
LF:16
LH:16
BRDA:3,1,0,11
BRDA:5,2,0,86
BRDA:5,2,1,8
BRDA:6,3,0,19
BRDA:6,3,1,67
BRDA:9,4,0,58
BRDA:9,4,1,28
BRDA:9,5,0,86
BRDA:9,5,1,58
BRDA:17,6,0,6
BRDA:19,7,0,10
BRDA:19,7,1,0
BRDA:20,8,0,6
BRDA:20,8,1,4
BRDA:23,9,0,4
BRDA:23,9,1,6
BRDA:23,10,0,10
BRDA:23,10,1,4
BRF:18
BRH:17
end_of_record
TN:
SF:C:\projects\comp\react-xlsx\src\s2ab.js
FN:1,s2ab
FNF:1
FNH:1
FNDA:1,s2ab
DA:2,1
DA:3,1
DA:4,15266
DA:5,1
LF:4
LH:4
BRF:0
BRH:0
end_of_record
TN:
SF:C:\projects\comp\react-xlsx\src\instances\index.js
FN:7,(anonymous_1)
FN:12,(anonymous_2)
FN:43,(anonymous_3)
FN:48,(anonymous_4)
FNF:4
FNH:2
FNDA:0,(anonymous_1)
FNDA:3,(anonymous_2)
FNDA:1,(anonymous_3)
FNDA:0,(anonymous_4)
DA:5,2
DA:7,2
DA:8,0
DA:9,0
DA:12,2
DA:13,3
DA:43,2
DA:44,1
DA:45,1
DA:46,1
DA:47,1
DA:49,0
LF:12
LH:9
BRF:0
BRH:0
end_of_record
