TN:
SF:C:\projects\comp\react-xlsx\src\Cell.js
FN:7,(anonymous_1)
FN:11,(anonymous_2)
FN:19,(anonymous_3)
FN:52,(anonymous_4)
FNF:4
FNH:4
FNDA:6,(anonymous_1)
FNDA:6,(anonymous_2)
FNDA:6,(anonymous_3)
FNDA:6,(anonymous_4)
DA:8,6
DA:12,6
DA:13,6
DA:14,0
DA:16,6
DA:20,6
DA:21,6
DA:24,6
DA:25,2
DA:26,2
DA:28,4
DA:31,6
DA:32,2
DA:33,2
DA:34,2
DA:37,6
DA:43,6
DA:44,0
DA:46,6
DA:49,6
DA:53,6
DA:54,0
DA:55,0
DA:56,0
DA:58,6
DA:63,2
DA:71,2
LF:27
LH:22
BRDA:8,1,0,6
BRDA:8,1,1,0
BRDA:8,2,0,6
BRDA:8,2,1,6
BRDA:13,3,0,0
BRDA:13,3,1,6
BRDA:14,4,0,0
BRDA:14,4,1,0
BRDA:14,5,0,0
BRDA:14,5,1,0
BRDA:20,6,0,0
BRDA:20,7,0,4
BRDA:20,8,0,6
BRDA:21,9,0,0
BRDA:24,10,0,2
BRDA:24,10,1,4
BRDA:31,11,0,2
BRDA:31,11,1,4
BRDA:31,12,0,6
BRDA:31,12,1,4
BRDA:32,13,0,2
BRDA:32,13,1,0
BRDA:33,14,0,2
BRDA:33,14,1,0
BRDA:43,15,0,0
BRDA:43,15,1,6
BRDA:53,16,0,0
BRDA:53,16,1,6
BRDA:53,17,0,6
BRDA:53,17,1,0
BRDA:55,18,0,0
BRDA:55,18,1,0
BRF:32
BRH:17
end_of_record
TN:
SF:C:\projects\comp\react-xlsx\src\Sheet.js
FN:5,(anonymous_1)
FN:10,(anonymous_2)
FNF:2
FNH:2
FNDA:17,(anonymous_1)
FNDA:17,(anonymous_2)
DA:6,17
DA:7,17
DA:11,17
DA:12,17
DA:13,17
DA:17,2
DA:22,2
DA:26,2
LF:8
LH:8
BRDA:6,1,0,0
BRDA:12,2,0,0
BRDA:12,2,1,17
BRF:3
BRH:1
end_of_record
TN:
SF:C:\projects\comp\react-xlsx\src\WorkBook.js
FN:12,(anonymous_1)
FN:17,(anonymous_2)
FN:25,(anonymous_3)
FN:27,(anonymous_4)
FN:36,(anonymous_5)
FN:44,(anonymous_6)
FN:49,(anonymous_7)
FN:62,(anonymous_8)
FN:68,(anonymous_9)
FN:82,(anonymous_10)
FN:88,(anonymous_11)
FN:98,(anonymous_12)
FNF:12
FNH:12
FNDA:4,(anonymous_1)
FNDA:6,(anonymous_2)
FNDA:6,(anonymous_3)
FNDA:6,(anonymous_4)
FNDA:3,(anonymous_5)
FNDA:2,(anonymous_6)
FNDA:3,(anonymous_7)
FNDA:1,(anonymous_8)
FNDA:2,(anonymous_9)
FNDA:1,(anonymous_10)
FNDA:1,(anonymous_11)
FNDA:6,(anonymous_12)
DA:13,4
DA:14,4
DA:18,6
DA:26,6
DA:27,6
DA:28,6
DA:29,0
DA:31,6
DA:33,6
DA:37,3
DA:38,3
DA:39,3
DA:40,3
DA:41,3
DA:45,2
DA:46,2
DA:47,2
DA:48,2
DA:49,2
DA:50,3
DA:51,3
DA:52,3
DA:53,1
DA:55,3
DA:57,2
DA:59,2
DA:63,1
DA:65,1
DA:66,1
DA:67,1
DA:68,1
DA:69,2
DA:70,2
DA:74,1
DA:75,0
DA:78,1
DA:83,1
DA:84,1
DA:85,1
DA:89,1
DA:90,1
DA:91,0
DA:94,1
DA:99,6
DA:101,6
DA:103,6
DA:108,2
DA:120,2
DA:126,2
LF:49
LH:46
BRDA:28,1,0,0
BRDA:28,1,1,6
BRDA:37,2,0,2
BRDA:37,2,1,1
BRDA:38,3,0,2
BRDA:38,3,1,1
BRDA:39,4,0,2
BRDA:39,4,1,1
BRDA:40,5,0,2
BRDA:40,5,1,1
BRDA:47,6,0,2
BRDA:47,6,1,0
BRDA:52,7,0,1
BRDA:52,7,1,2
BRDA:66,8,0,1
BRDA:66,8,1,0
BRDA:74,9,0,0
BRDA:74,9,1,1
BRDA:88,10,0,0
BRDA:90,11,0,0
BRDA:90,11,1,1
BRDA:99,12,0,6
BRDA:101,13,0,0
BRDA:101,13,1,6
BRDA:101,14,0,6
BRDA:101,14,1,0
BRF:26
BRH:18
end_of_record
TN:
SF:C:\projects\comp\react-xlsx\src\XTrigger.js
FN:9,(anonymous_1)
FN:12,(anonymous_2)
FNF:2
FNH:1
FNDA:5,(anonymous_1)
FNDA:0,(anonymous_2)
DA:10,5
DA:11,5
DA:12,5
DA:13,5
DA:14,5
DA:18,2
LF:6
LH:6
BRF:0
BRH:0
end_of_record
TN:
SF:C:\projects\comp\react-xlsx\src\index.js
FNF:0
FNH:0
LF:0
LH:0
BRF:0
BRH:0
end_of_record
TN:
SF:C:\projects\comp\react-xlsx\src\s2ab.js
FN:1,s2ab
FNF:1
FNH:1
FNDA:1,s2ab
DA:2,1
DA:3,1
DA:4,15178
DA:5,1
LF:4
LH:4
BRF:0
BRH:0
end_of_record
TN:
SF:C:\projects\comp\react-xlsx\src\instances\index.js
FN:8,(anonymous_1)
FN:13,(anonymous_2)
FN:44,(anonymous_3)
FN:75,(anonymous_4)
FN:88,(anonymous_5)
FN:91,(anonymous_6)
FN:93,(anonymous_7)
FN:94,(anonymous_8)
FN:111,(anonymous_9)
FNF:9
FNH:7
FNDA:0,(anonymous_1)
FNDA:2,(anonymous_2)
FNDA:1,(anonymous_3)
FNDA:6,(anonymous_4)
FNDA:1,(anonymous_5)
FNDA:9,(anonymous_6)
FNDA:90,(anonymous_7)
FNDA:900,(anonymous_8)
FNDA:0,(anonymous_9)
DA:6,2
DA:8,2
DA:9,0
DA:10,0
DA:13,2
DA:14,2
DA:44,2
DA:45,1
DA:75,2
DA:76,6
DA:77,6
DA:78,6
DA:79,58
DA:80,58
DA:82,6
DA:84,2
DA:85,2
DA:86,2
DA:88,2
DA:90,1
DA:92,9
DA:94,90
DA:95,900
DA:111,2
DA:112,0
LF:25
LH:22
BRF:0
BRH:0
end_of_record
TN:
SF:C:\projects\comp\react-xlsx\src\instances\subtest.js
FN:5,(anonymous_1)
FNF:1
FNH:0
FNDA:0,(anonymous_1)
DA:6,0
DA:7,0
LF:2
LH:0
BRF:0
BRH:0
end_of_record
